<?xml version="1.0" encoding="utf-8"?>
<!DOCTYPE coverage SYSTEM "http://cobertura.sourceforge.net/xml/coverage-04.dtd">
<coverage line-rate="0.8918918918918919" branch-rate="0.8333333333333334" lines-covered="33" lines-valid="37" branches-covered="5" branches-valid="6" complexity="32" version="0" timestamp="1675700718">
  <sources>
    <source>C:\Users\Gebruiker\source\repos\VDT.Core.Blazor.GlobalEventHandler\src\VDT.Core.Blazor.GlobalEventHandler\</source>
  </sources>
  <packages>
    <package name="VDT.Core.Blazor.GlobalEventHandler" line-rate="0.8918918918918919" branch-rate="0.8333333333333334" complexity="32">
      <classes>
        <class name="VDT.Core.Blazor.GlobalEventHandler.GlobalEventHandler" filename="C:\Users\Gebruiker\source\repos\VDT.Core.Blazor.GlobalEventHandler\src\VDT.Core.Blazor.GlobalEventHandler\GlobalEventHandler.cs" line-rate="1" branch-rate="0.8333333333333334" complexity="28">
          <methods>
            <method name="get_JSRuntime" signature="()" line-rate="1" branch-rate="1" complexity="1">
              <lines>
                <line number="17" hits="5" branch="false" />
              </lines>
            </method>
            <method name="get_OnKeyDown" signature="()" line-rate="1" branch-rate="1" complexity="1">
              <lines>
                <line number="22" hits="2" branch="false" />
              </lines>
            </method>
            <method name="get_OnKeyUp" signature="()" line-rate="1" branch-rate="1" complexity="1">
              <lines>
                <line number="27" hits="2" branch="false" />
              </lines>
            </method>
            <method name="get_OnResize" signature="()" line-rate="1" branch-rate="1" complexity="1">
              <lines>
                <line number="32" hits="2" branch="false" />
              </lines>
            </method>
            <method name="get_OnClick" signature="()" line-rate="1" branch-rate="1" complexity="1">
              <lines>
                <line number="37" hits="2" branch="false" />
              </lines>
            </method>
            <method name="get_OnMouseDown" signature="()" line-rate="1" branch-rate="1" complexity="1">
              <lines>
                <line number="42" hits="2" branch="false" />
              </lines>
            </method>
            <method name="get_OnMouseUp" signature="()" line-rate="1" branch-rate="1" complexity="1">
              <lines>
                <line number="47" hits="2" branch="false" />
              </lines>
            </method>
            <method name="get_OnMouseMove" signature="()" line-rate="1" branch-rate="1" complexity="1">
              <lines>
                <line number="52" hits="2" branch="false" />
              </lines>
            </method>
            <method name="get_OnContextMenu" signature="()" line-rate="1" branch-rate="1" complexity="1">
              <lines>
                <line number="57" hits="2" branch="false" />
              </lines>
            </method>
            <method name="get_OnDoubleClick" signature="()" line-rate="1" branch-rate="1" complexity="1">
              <lines>
                <line number="62" hits="2" branch="false" />
              </lines>
            </method>
            <method name="get_OnScroll" signature="()" line-rate="1" branch-rate="1" complexity="1">
              <lines>
                <line number="67" hits="2" branch="false" />
              </lines>
            </method>
            <method name="ShouldRender" signature="()" line-rate="1" branch-rate="1" complexity="1">
              <lines>
                <line number="140" hits="1" branch="false" />
              </lines>
            </method>
            <method name="DisposeAsync" signature="()" line-rate="1" branch-rate="0.75" complexity="4">
              <lines>
                <line number="154" hits="1" branch="true" condition-coverage="100% (2/2)" />
                <line number="155" hits="1" branch="false" />
                <line number="156" hits="1" branch="false" />
                <line number="159" hits="1" branch="true" condition-coverage="50% (1/2)" />
                <line number="160" hits="1" branch="false" />
                <line number="161" hits="1" branch="false" />
              </lines>
            </method>
            <method name="InvokeClick" signature="()" line-rate="1" branch-rate="1" complexity="1">
              <lines>
                <line number="95" hits="1" branch="false" />
              </lines>
            </method>
            <method name="InvokeContextMenu" signature="()" line-rate="1" branch-rate="1" complexity="1">
              <lines>
                <line number="123" hits="1" branch="false" />
              </lines>
            </method>
            <method name="InvokeDoubleClick" signature="()" line-rate="1" branch-rate="1" complexity="1">
              <lines>
                <line number="130" hits="1" branch="false" />
              </lines>
            </method>
            <method name="InvokeKeyDown" signature="()" line-rate="1" branch-rate="1" complexity="1">
              <lines>
                <line number="74" hits="1" branch="false" />
              </lines>
            </method>
            <method name="InvokeKeyUp" signature="()" line-rate="1" branch-rate="1" complexity="1">
              <lines>
                <line number="81" hits="1" branch="false" />
              </lines>
            </method>
            <method name="InvokeMouseDown" signature="()" line-rate="1" branch-rate="1" complexity="1">
              <lines>
                <line number="102" hits="1" branch="false" />
              </lines>
            </method>
            <method name="InvokeMouseMove" signature="()" line-rate="1" branch-rate="1" complexity="1">
              <lines>
                <line number="116" hits="1" branch="false" />
              </lines>
            </method>
            <method name="InvokeMouseUp" signature="()" line-rate="1" branch-rate="1" complexity="1">
              <lines>
                <line number="109" hits="1" branch="false" />
              </lines>
            </method>
            <method name="InvokeResize" signature="()" line-rate="1" branch-rate="1" complexity="1">
              <lines>
                <line number="88" hits="1" branch="false" />
              </lines>
            </method>
            <method name="InvokeScroll" signature="()" line-rate="1" branch-rate="1" complexity="1">
              <lines>
                <line number="137" hits="1" branch="false" />
              </lines>
            </method>
            <method name="OnAfterRenderAsync" signature="()" line-rate="1" branch-rate="1" complexity="2">
              <lines>
                <line number="144" hits="3" branch="true" condition-coverage="100% (2/2)" />
                <line number="145" hits="2" branch="false" />
                <line number="146" hits="2" branch="false" />
                <line number="148" hits="2" branch="false" />
                <line number="150" hits="3" branch="false" />
              </lines>
            </method>
          </methods>
          <lines>
            <line number="17" hits="5" branch="false" />
            <line number="22" hits="2" branch="false" />
            <line number="27" hits="2" branch="false" />
            <line number="32" hits="2" branch="false" />
            <line number="37" hits="2" branch="false" />
            <line number="42" hits="2" branch="false" />
            <line number="47" hits="2" branch="false" />
            <line number="52" hits="2" branch="false" />
            <line number="57" hits="2" branch="false" />
            <line number="62" hits="2" branch="false" />
            <line number="67" hits="2" branch="false" />
            <line number="74" hits="1" branch="false" />
            <line number="81" hits="1" branch="false" />
            <line number="88" hits="1" branch="false" />
            <line number="95" hits="1" branch="false" />
            <line number="102" hits="1" branch="false" />
            <line number="109" hits="1" branch="false" />
            <line number="116" hits="1" branch="false" />
            <line number="123" hits="1" branch="false" />
            <line number="130" hits="1" branch="false" />
            <line number="137" hits="1" branch="false" />
            <line number="140" hits="1" branch="false" />
            <line number="144" hits="3" branch="true" condition-coverage="100% (2/2)" />
            <line number="145" hits="2" branch="false" />
            <line number="146" hits="2" branch="false" />
            <line number="148" hits="2" branch="false" />
            <line number="150" hits="3" branch="false" />
            <line number="154" hits="1" branch="true" condition-coverage="100% (2/2)" />
            <line number="155" hits="1" branch="false" />
            <line number="156" hits="1" branch="false" />
            <line number="159" hits="1" branch="true" condition-coverage="50% (1/2)" />
            <line number="160" hits="1" branch="false" />
            <line number="161" hits="1" branch="false" />
          </lines>
        </class>
        <class name="VDT.Core.Blazor.GlobalEventHandler.ResizeEventArgs" filename="C:\Users\Gebruiker\source\repos\VDT.Core.Blazor.GlobalEventHandler\src\VDT.Core.Blazor.GlobalEventHandler\ResizeEventArgs .cs" line-rate="0" branch-rate="1" complexity="2">
          <methods>
            <method name="get_Width" signature="()" line-rate="0" branch-rate="1" complexity="1">
              <lines>
                <line number="11" hits="0" branch="false" />
              </lines>
            </method>
            <method name="get_Height" signature="()" line-rate="0" branch-rate="1" complexity="1">
              <lines>
                <line number="16" hits="0" branch="false" />
              </lines>
            </method>
          </methods>
          <lines>
            <line number="11" hits="0" branch="false" />
            <line number="16" hits="0" branch="false" />
          </lines>
        </class>
        <class name="VDT.Core.Blazor.GlobalEventHandler.ScrollEventArgs" filename="C:\Users\Gebruiker\source\repos\VDT.Core.Blazor.GlobalEventHandler\src\VDT.Core.Blazor.GlobalEventHandler\ScrollEventArgs.cs" line-rate="0" branch-rate="1" complexity="2">
          <methods>
            <method name="get_ScrollX" signature="()" line-rate="0" branch-rate="1" complexity="1">
              <lines>
                <line number="11" hits="0" branch="false" />
              </lines>
            </method>
            <method name="get_ScrollY" signature="()" line-rate="0" branch-rate="1" complexity="1">
              <lines>
                <line number="16" hits="0" branch="false" />
              </lines>
            </method>
          </methods>
          <lines>
            <line number="11" hits="0" branch="false" />
            <line number="16" hits="0" branch="false" />
          </lines>
        </class>
      </classes>
    </package>
  </packages>
</coverage>